JAVA_HOME="C:\Program Files\Java\jdk-17"
cd D:\JAVA\CAPGEMINI\Projetos\TodoApp\app; ..\gradlew.bat --configure-on-demand -x check run
Configuration on demand is an incubating feature.

FAILURE: Build failed with an exception.

* Where:
Script 'D:\JAVA\CAPGEMINI\Projetos\TodoApp\app\build.gradle' line: 24

* What went wrong:
A problem occurred evaluating project ':app'.
> Could not find method compile() for arguments [{group=mysql, name=mysql-connector-java}, unspecified] on object of type org.gradle.api.internal.artifacts.dsl.dependencies.DefaultDependencyHandler.

* Try:
> Run with --stacktrace option to get the stack trace.
> Run with --info or --debug option to get more log output.
> Run with --scan to get full insights.

* Get more help at https://help.gradle.org

BUILD FAILED in 340ms